This file contains any messages produced by compilers while
running configure, to aid debugging if configure makes a mistake.

It was created by crmsh configure 2.0, which was
generated by GNU Autoconf 2.69.  Invocation command line was

  $ ./configure 

## --------- ##
## Platform. ##
## --------- ##

hostname = dd360632d03c
uname -m = x86_64
uname -r = 4.0.0-kali1-amd64
uname -s = Linux
uname -v = #1 SMP Debian 4.0.4-1+kali2 (2015-06-03)

/usr/bin/uname -p = unknown
/bin/uname -X     = unknown

/bin/arch              = unknown
/usr/bin/arch -k       = unknown
/usr/convex/getsysinfo = unknown
/usr/bin/hostinfo      = unknown
/bin/machine           = unknown
/usr/bin/oslevel       = unknown
/bin/universe          = unknown

PATH: /usr/local/sbin
PATH: /usr/local/bin
PATH: /usr/sbin
PATH: /usr/bin
PATH: /sbin
PATH: /bin


## ----------- ##
## Core tests. ##
## ----------- ##

configure:2130: checking for a BSD-compatible install
configure:2198: result: /usr/bin/install -c
configure:2209: checking whether build environment is sane
configure:2264: result: yes
configure:2415: checking for a thread-safe mkdir -p
configure:2454: result: /bin/mkdir -p
configure:2461: checking for gawk
configure:2477: found /usr/bin/gawk
configure:2488: result: gawk
configure:2499: checking whether make sets $(MAKE)
configure:2521: result: yes
configure:2550: checking whether make supports nested variables
configure:2567: result: yes
configure:2713: checking whether make supports nested variables
configure:2730: result: yes
configure:2762: Sanitizing prefix: NONE
configure:2768: Sanitizing exec_prefix: NONE
configure:2775: Sanitizing libdir: ${exec_prefix}/lib
configure:2779: checking which lib directory to use
configure:2791: result: /usr/lib
configure:2827: WARNING: libexecdir directory (/usr/libexec) does not exist!
configure:2827: WARNING: sysconfdir directory (/usr/etc) does not exist!
configure:2827: WARNING: sharedstatedir directory (/usr/com) does not exist!
configure:2827: WARNING: localstatedir directory (/usr/var) does not exist!
configure:2844: checking for style of include used by make
configure:2872: result: GNU
configure:2943: checking for gcc
configure:2959: found /usr/bin/gcc
configure:2970: result: gcc
configure:3199: checking for C compiler version
configure:3208: gcc --version >&5
gcc (Ubuntu 4.8.4-2ubuntu1~14.04) 4.8.4
Copyright (C) 2013 Free Software Foundation, Inc.
This is free software; see the source for copying conditions.  There is NO
warranty; not even for MERCHANTABILITY or FITNESS FOR A PARTICULAR PURPOSE.

configure:3219: $? = 0
configure:3208: gcc -v >&5
Using built-in specs.
COLLECT_GCC=gcc
COLLECT_LTO_WRAPPER=/usr/lib/gcc/x86_64-linux-gnu/4.8/lto-wrapper
Target: x86_64-linux-gnu
Configured with: ../src/configure -v --with-pkgversion='Ubuntu 4.8.4-2ubuntu1~14.04' --with-bugurl=file:///usr/share/doc/gcc-4.8/README.Bugs --enable-languages=c,c++,java,go,d,fortran,objc,obj-c++ --prefix=/usr --program-suffix=-4.8 --enable-shared --enable-linker-build-id --libexecdir=/usr/lib --without-included-gettext --enable-threads=posix --with-gxx-include-dir=/usr/include/c++/4.8 --libdir=/usr/lib --enable-nls --with-sysroot=/ --enable-clocale=gnu --enable-libstdcxx-debug --enable-libstdcxx-time=yes --enable-gnu-unique-object --disable-libmudflap --enable-plugin --with-system-zlib --disable-browser-plugin --enable-java-awt=gtk --enable-gtk-cairo --with-java-home=/usr/lib/jvm/java-1.5.0-gcj-4.8-amd64/jre --enable-java-home --with-jvm-root-dir=/usr/lib/jvm/java-1.5.0-gcj-4.8-amd64 --with-jvm-jar-dir=/usr/lib/jvm-exports/java-1.5.0-gcj-4.8-amd64 --with-arch-directory=amd64 --with-ecj-jar=/usr/share/java/eclipse-ecj.jar --enable-objc-gc --enable-multiarch --disable-werror --with-arch-32=i686 --with-abi=m64 --with-multilib-list=m32,m64,mx32 --with-tune=generic --enable-checking=release --build=x86_64-linux-gnu --host=x86_64-linux-gnu --target=x86_64-linux-gnu
Thread model: posix
gcc version 4.8.4 (Ubuntu 4.8.4-2ubuntu1~14.04) 
configure:3219: $? = 0
configure:3208: gcc -V >&5
gcc: error: unrecognized command line option '-V'
gcc: fatal error: no input files
compilation terminated.
configure:3219: $? = 4
configure:3208: gcc -qversion >&5
gcc: error: unrecognized command line option '-qversion'
gcc: fatal error: no input files
compilation terminated.
configure:3219: $? = 4
configure:3239: checking whether the C compiler works
configure:3261: gcc  -I/usr/include/heartbeat -I/usr/include/pacemaker   conftest.c  >&5
configure:3265: $? = 0
configure:3313: result: yes
configure:3316: checking for C compiler default output file name
configure:3318: result: a.out
configure:3324: checking for suffix of executables
configure:3331: gcc -o conftest  -I/usr/include/heartbeat -I/usr/include/pacemaker   conftest.c  >&5
configure:3335: $? = 0
configure:3357: result: 
configure:3379: checking whether we are cross compiling
configure:3387: gcc -o conftest  -I/usr/include/heartbeat -I/usr/include/pacemaker   conftest.c  >&5
configure:3391: $? = 0
configure:3398: ./conftest
configure:3402: $? = 0
configure:3417: result: no
configure:3422: checking for suffix of object files
configure:3444: gcc -c  -I/usr/include/heartbeat -I/usr/include/pacemaker  conftest.c >&5
configure:3448: $? = 0
configure:3469: result: o
configure:3473: checking whether we are using the GNU C compiler
configure:3492: gcc -c  -I/usr/include/heartbeat -I/usr/include/pacemaker  conftest.c >&5
configure:3492: $? = 0
configure:3501: result: yes
configure:3510: checking whether gcc accepts -g
configure:3530: gcc -c -g  conftest.c >&5
configure:3530: $? = 0
configure:3571: result: yes
configure:3588: checking for gcc option to accept ISO C89
configure:3651: gcc  -c  -I/usr/include/heartbeat -I/usr/include/pacemaker  conftest.c >&5
configure:3651: $? = 0
configure:3664: result: none needed
configure:3689: checking whether gcc understands -c and -o together
configure:3711: gcc -c conftest.c -o conftest2.o
configure:3714: $? = 0
configure:3711: gcc -c conftest.c -o conftest2.o
configure:3714: $? = 0
configure:3726: result: yes
configure:3745: checking dependency style of gcc
configure:3856: result: none
configure:3877: checking how to run the C preprocessor
configure:3908: gcc -E  conftest.c
configure:3908: $? = 0
configure:3922: gcc -E  conftest.c
conftest.c:12:28: fatal error: ac_nonexistent.h: No such file or directory
 #include <ac_nonexistent.h>
                            ^
compilation terminated.
configure:3922: $? = 1
configure: failed program was:
| /* confdefs.h */
| #define PACKAGE_NAME "crmsh"
| #define PACKAGE_TARNAME "crmsh"
| #define PACKAGE_VERSION "2.0"
| #define PACKAGE_STRING "crmsh 2.0"
| #define PACKAGE_BUGREPORT "linux-ha@lists.linux-ha.org"
| #define PACKAGE_URL ""
| #define PACKAGE "crmsh"
| #define VERSION "2.0"
| #define PACEMAKER_VERSION "2.0"
| /* end confdefs.h.  */
| #include <ac_nonexistent.h>
configure:3947: result: gcc -E
configure:3967: gcc -E  conftest.c
configure:3967: $? = 0
configure:3981: gcc -E  conftest.c
conftest.c:12:28: fatal error: ac_nonexistent.h: No such file or directory
 #include <ac_nonexistent.h>
                            ^
compilation terminated.
configure:3981: $? = 1
configure: failed program was:
| /* confdefs.h */
| #define PACKAGE_NAME "crmsh"
| #define PACKAGE_TARNAME "crmsh"
| #define PACKAGE_VERSION "2.0"
| #define PACKAGE_STRING "crmsh 2.0"
| #define PACKAGE_BUGREPORT "linux-ha@lists.linux-ha.org"
| #define PACKAGE_URL ""
| #define PACKAGE "crmsh"
| #define VERSION "2.0"
| #define PACEMAKER_VERSION "2.0"
| /* end confdefs.h.  */
| #include <ac_nonexistent.h>
configure:4010: checking for grep that handles long lines and -e
configure:4068: result: /bin/grep
configure:4073: checking for egrep
configure:4135: result: /bin/grep -E
configure:4140: checking for ANSI C header files
configure:4160: gcc -c  -I/usr/include/heartbeat -I/usr/include/pacemaker  conftest.c >&5
configure:4160: $? = 0
configure:4233: gcc -o conftest  -I/usr/include/heartbeat -I/usr/include/pacemaker   conftest.c  >&5
configure:4233: $? = 0
configure:4233: ./conftest
configure:4233: $? = 0
configure:4244: result: yes
configure:4257: checking for sys/types.h
configure:4257: gcc -c  -I/usr/include/heartbeat -I/usr/include/pacemaker  conftest.c >&5
configure:4257: $? = 0
configure:4257: result: yes
configure:4257: checking for sys/stat.h
configure:4257: gcc -c  -I/usr/include/heartbeat -I/usr/include/pacemaker  conftest.c >&5
configure:4257: $? = 0
configure:4257: result: yes
configure:4257: checking for stdlib.h
configure:4257: gcc -c  -I/usr/include/heartbeat -I/usr/include/pacemaker  conftest.c >&5
configure:4257: $? = 0
configure:4257: result: yes
configure:4257: checking for string.h
configure:4257: gcc -c  -I/usr/include/heartbeat -I/usr/include/pacemaker  conftest.c >&5
configure:4257: $? = 0
configure:4257: result: yes
configure:4257: checking for memory.h
configure:4257: gcc -c  -I/usr/include/heartbeat -I/usr/include/pacemaker  conftest.c >&5
configure:4257: $? = 0
configure:4257: result: yes
configure:4257: checking for strings.h
configure:4257: gcc -c  -I/usr/include/heartbeat -I/usr/include/pacemaker  conftest.c >&5
configure:4257: $? = 0
configure:4257: result: yes
configure:4257: checking for inttypes.h
configure:4257: gcc -c  -I/usr/include/heartbeat -I/usr/include/pacemaker  conftest.c >&5
configure:4257: $? = 0
configure:4257: result: yes
configure:4257: checking for stdint.h
configure:4257: gcc -c  -I/usr/include/heartbeat -I/usr/include/pacemaker  conftest.c >&5
configure:4257: $? = 0
configure:4257: result: yes
configure:4257: checking for unistd.h
configure:4257: gcc -c  -I/usr/include/heartbeat -I/usr/include/pacemaker  conftest.c >&5
configure:4257: $? = 0
configure:4257: result: yes
configure:4271: checking crm_config.h usability
configure:4271: gcc -c  -I/usr/include/heartbeat -I/usr/include/pacemaker  conftest.c >&5
conftest.c:55:24: fatal error: crm_config.h: No such file or directory
 #include <crm_config.h>
                        ^
compilation terminated.
configure:4271: $? = 1
configure: failed program was:
| /* confdefs.h */
| #define PACKAGE_NAME "crmsh"
| #define PACKAGE_TARNAME "crmsh"
| #define PACKAGE_VERSION "2.0"
| #define PACKAGE_STRING "crmsh 2.0"
| #define PACKAGE_BUGREPORT "linux-ha@lists.linux-ha.org"
| #define PACKAGE_URL ""
| #define PACKAGE "crmsh"
| #define VERSION "2.0"
| #define PACEMAKER_VERSION "2.0"
| #define STDC_HEADERS 1
| #define HAVE_SYS_TYPES_H 1
| #define HAVE_SYS_STAT_H 1
| #define HAVE_STDLIB_H 1
| #define HAVE_STRING_H 1
| #define HAVE_MEMORY_H 1
| #define HAVE_STRINGS_H 1
| #define HAVE_INTTYPES_H 1
| #define HAVE_STDINT_H 1
| #define HAVE_UNISTD_H 1
| /* end confdefs.h.  */
| #include <stdio.h>
| #ifdef HAVE_SYS_TYPES_H
| # include <sys/types.h>
| #endif
| #ifdef HAVE_SYS_STAT_H
| # include <sys/stat.h>
| #endif
| #ifdef STDC_HEADERS
| # include <stdlib.h>
| # include <stddef.h>
| #else
| # ifdef HAVE_STDLIB_H
| #  include <stdlib.h>
| # endif
| #endif
| #ifdef HAVE_STRING_H
| # if !defined STDC_HEADERS && defined HAVE_MEMORY_H
| #  include <memory.h>
| # endif
| # include <string.h>
| #endif
| #ifdef HAVE_STRINGS_H
| # include <strings.h>
| #endif
| #ifdef HAVE_INTTYPES_H
| # include <inttypes.h>
| #endif
| #ifdef HAVE_STDINT_H
| # include <stdint.h>
| #endif
| #ifdef HAVE_UNISTD_H
| # include <unistd.h>
| #endif
| #include <crm_config.h>
configure:4271: result: no
configure:4271: checking crm_config.h presence
configure:4271: gcc -E  conftest.c
conftest.c:22:24: fatal error: crm_config.h: No such file or directory
 #include <crm_config.h>
                        ^
compilation terminated.
configure:4271: $? = 1
configure: failed program was:
| /* confdefs.h */
| #define PACKAGE_NAME "crmsh"
| #define PACKAGE_TARNAME "crmsh"
| #define PACKAGE_VERSION "2.0"
| #define PACKAGE_STRING "crmsh 2.0"
| #define PACKAGE_BUGREPORT "linux-ha@lists.linux-ha.org"
| #define PACKAGE_URL ""
| #define PACKAGE "crmsh"
| #define VERSION "2.0"
| #define PACEMAKER_VERSION "2.0"
| #define STDC_HEADERS 1
| #define HAVE_SYS_TYPES_H 1
| #define HAVE_SYS_STAT_H 1
| #define HAVE_STDLIB_H 1
| #define HAVE_STRING_H 1
| #define HAVE_MEMORY_H 1
| #define HAVE_STRINGS_H 1
| #define HAVE_INTTYPES_H 1
| #define HAVE_STDINT_H 1
| #define HAVE_UNISTD_H 1
| /* end confdefs.h.  */
| #include <crm_config.h>
configure:4271: result: no
configure:4271: checking for crm_config.h
configure:4271: result: no
configure:4283: checking glue_config.h usability
configure:4283: gcc -c  -I/usr/include/heartbeat -I/usr/include/pacemaker  conftest.c >&5
configure:4283: $? = 0
configure:4283: result: yes
configure:4283: checking glue_config.h presence
configure:4283: gcc -E  conftest.c
conftest.c:22:25: fatal error: glue_config.h: No such file or directory
 #include <glue_config.h>
                         ^
compilation terminated.
configure:4283: $? = 1
configure: failed program was:
| /* confdefs.h */
| #define PACKAGE_NAME "crmsh"
| #define PACKAGE_TARNAME "crmsh"
| #define PACKAGE_VERSION "2.0"
| #define PACKAGE_STRING "crmsh 2.0"
| #define PACKAGE_BUGREPORT "linux-ha@lists.linux-ha.org"
| #define PACKAGE_URL ""
| #define PACKAGE "crmsh"
| #define VERSION "2.0"
| #define PACEMAKER_VERSION "2.0"
| #define STDC_HEADERS 1
| #define HAVE_SYS_TYPES_H 1
| #define HAVE_SYS_STAT_H 1
| #define HAVE_STDLIB_H 1
| #define HAVE_STRING_H 1
| #define HAVE_MEMORY_H 1
| #define HAVE_STRINGS_H 1
| #define HAVE_INTTYPES_H 1
| #define HAVE_STDINT_H 1
| #define HAVE_UNISTD_H 1
| /* end confdefs.h.  */
| #include <glue_config.h>
configure:4283: result: no
configure:4283: WARNING: glue_config.h: accepted by the compiler, rejected by the preprocessor!
configure:4283: WARNING: glue_config.h: proceeding with the compiler's result
configure:4283: checking for glue_config.h
configure:4283: result: yes
configure:2743: checking for CRM_DAEMON_USER in crm_config.h
configure:2751: result: 
configure:2743: checking for CRM_DAEMON_GROUP in crm_config.h
configure:2751: result: 
configure:2743: checking for CRM_STATE_DIR in crm_config.h
configure:2751: result: 
configure:2743: checking for PE_STATE_DIR in crm_config.h
configure:2751: result: 
configure:2743: checking for CRM_CONFIG_DIR in crm_config.h
configure:2751: result: 
configure:2743: checking for CRM_DTD_DIRECTORY in crm_config.h
configure:2751: result: 
configure:4359: checking for pkg-config
configure:4377: found /usr/bin/pkg-config
configure:4389: result: /usr/bin/pkg-config
configure:2743: checking for GLUE_DAEMON_DIR in glue_config.h
configure:2751: result: /usr/lib/heartbeat
configure:2743: checking for HA_VARLIBHBDIR in glue_config.h
configure:2751: result: /var/lib/heartbeat
configure:2743: checking for OCF_ROOT_DIR in glue_config.h
configure:2751: result: /usr/lib/ocf
configure:4439: checking for hg
configure:4457: found /usr/bin/hg
configure:4469: result: /usr/bin/hg
configure:4480: checking build version
configure:4497: result: unknown
configure:4517: checking for python
configure:4535: found /usr/bin/python
configure:4547: result: /usr/bin/python
configure:4568: checking for python version
configure:4575: result: 2.7
configure:4587: checking for python platform
configure:4594: result: linux2
configure:4620: checking for python script directory
configure:4655: result: ${prefix}/lib/python2.7/dist-packages
configure:4664: checking for python extension module directory
configure:4699: result: ${exec_prefix}/lib/python2.7/dist-packages
configure:4716: checking for asciidoc
configure:4734: found /usr/bin/asciidoc
configure:4746: result: /usr/bin/asciidoc
configure:4761: checking for ssh
configure:4779: found /usr/bin/ssh
configure:4791: result: /usr/bin/ssh
configure:4807: checking for scp
configure:4825: found /usr/bin/scp
configure:4837: result: /usr/bin/scp
configure:4853: checking for hg
configure:4883: result: /usr/bin/hg
configure:4899: checking for tar
configure:4917: found /bin/tar
configure:4929: result: /bin/tar
configure:4944: checking for md5
configure:4977: result: no
configure:4989: checking for test
configure:5007: found /usr/bin/test
configure:5019: result: /usr/bin/test
configure:5191: checking that generated files are newer than configure
configure:5197: result: done
configure:5224: creating ./config.status

## ---------------------- ##
## Running config.status. ##
## ---------------------- ##

This file was extended by crmsh config.status 2.0, which was
generated by GNU Autoconf 2.69.  Invocation command line was

  CONFIG_FILES    = 
  CONFIG_HEADERS  = 
  CONFIG_LINKS    = 
  CONFIG_COMMANDS = 
  $ ./config.status 

on dd360632d03c

config.status:827: creating Makefile
config.status:827: creating doc/Makefile
config.status:827: creating contrib/Makefile
config.status:827: creating templates/Makefile
config.status:827: creating utils/Makefile
config.status:827: creating scripts/Makefile
config.status:827: creating scripts/health/Makefile
config.status:827: creating scripts/check-uptime/Makefile
config.status:827: creating scripts/init/Makefile
config.status:827: creating scripts/add/Makefile
config.status:827: creating scripts/remove/Makefile
config.status:827: creating test/Makefile
config.status:827: creating test/testcases/Makefile
config.status:827: creating test/cibtests/Makefile
config.status:827: creating modules/Makefile
config.status:827: creating hb_report/Makefile
config.status:827: creating hb_report/hb_report
config.status:935: WARNING:  'hb_report/hb_report.in' seems to ignore the --datarootdir setting
config.status:827: creating crm.conf
config.status:935: WARNING:  'crm.conf.in' seems to ignore the --datarootdir setting
config.status:827: creating version
config.status:999: executing depfiles commands
configure:6373: result: 
configure:6375: result: crmsh configuration:
configure:6377: result:   Version                  = 2.0 (Build: unknown)
configure:6379: result:   Features                 = ascii-docs
configure:6381: result: 
configure:6383: result:   Prefix                   = /usr
configure:6385: result:   Executables              = /usr/sbin
configure:6387: result:   Man pages                = /usr/share/man
configure:6389: result:   Libraries                = /usr/lib
configure:6391: result:   Header files             = ${prefix}/include
configure:6393: result:   Arch-independent files   = /usr/share
configure:6395: result:   State information        = /usr/var
configure:6397: result:   System configuration     = /usr/etc

## ---------------- ##
## Cache variables. ##
## ---------------- ##

ac_cv_c_compiler_gnu=yes
ac_cv_env_CC_set=
ac_cv_env_CC_value=
ac_cv_env_CFLAGS_set=
ac_cv_env_CFLAGS_value=
ac_cv_env_CPPFLAGS_set=
ac_cv_env_CPPFLAGS_value=
ac_cv_env_CPP_set=
ac_cv_env_CPP_value=
ac_cv_env_LDFLAGS_set=
ac_cv_env_LDFLAGS_value=
ac_cv_env_LIBS_set=
ac_cv_env_LIBS_value=
ac_cv_env_PYTHON_set=
ac_cv_env_PYTHON_value=
ac_cv_env_build_alias_set=
ac_cv_env_build_alias_value=
ac_cv_env_host_alias_set=
ac_cv_env_host_alias_value=
ac_cv_env_target_alias_set=
ac_cv_env_target_alias_value=
ac_cv_header_crm_config_h=no
ac_cv_header_glue_config_h=yes
ac_cv_header_inttypes_h=yes
ac_cv_header_memory_h=yes
ac_cv_header_stdc=yes
ac_cv_header_stdint_h=yes
ac_cv_header_stdlib_h=yes
ac_cv_header_string_h=yes
ac_cv_header_strings_h=yes
ac_cv_header_sys_stat_h=yes
ac_cv_header_sys_types_h=yes
ac_cv_header_unistd_h=yes
ac_cv_objext=o
ac_cv_path_ASCIIDOC=/usr/bin/asciidoc
ac_cv_path_EGREP='/bin/grep -E'
ac_cv_path_GREP=/bin/grep
ac_cv_path_HG=/usr/bin/hg
ac_cv_path_PKGCONFIG=/usr/bin/pkg-config
ac_cv_path_PYTHON=/usr/bin/python
ac_cv_path_SCP=/usr/bin/scp
ac_cv_path_SSH=/usr/bin/ssh
ac_cv_path_TAR=/bin/tar
ac_cv_path_TEST=/usr/bin/test
ac_cv_path_install='/usr/bin/install -c'
ac_cv_path_mkdir=/bin/mkdir
ac_cv_prog_AWK=gawk
ac_cv_prog_CPP='gcc -E'
ac_cv_prog_ac_ct_CC=gcc
ac_cv_prog_cc_c89=
ac_cv_prog_cc_g=yes
ac_cv_prog_make_make_set=yes
am_cv_CC_dependencies_compiler_type=none
am_cv_make_support_nested_variables=yes
am_cv_prog_cc_c_o=yes
am_cv_python_platform=linux2
am_cv_python_pyexecdir='${exec_prefix}/lib/python2.7/dist-packages'
am_cv_python_pythondir='${prefix}/lib/python2.7/dist-packages'
am_cv_python_version=2.7

## ----------------- ##
## Output variables. ##
## ----------------- ##

ACLOCAL='${SHELL} /root/Downloads/clusterLab/crmsh/crmsh-2.1.0/missing aclocal-1.14'
AMDEPBACKSLASH='\'
AMDEP_FALSE='#'
AMDEP_TRUE=''
AMTAR='$${TAR-tar}'
AM_BACKSLASH='\'
AM_DEFAULT_V='$(AM_DEFAULT_VERBOSITY)'
AM_DEFAULT_VERBOSITY='1'
AM_V='$(V)'
ASCIIDOC='/usr/bin/asciidoc'
AUTOCONF='${SHELL} /root/Downloads/clusterLab/crmsh/crmsh-2.1.0/missing autoconf'
AUTOHEADER='${SHELL} /root/Downloads/clusterLab/crmsh/crmsh-2.1.0/missing autoheader'
AUTOMAKE='${SHELL} /root/Downloads/clusterLab/crmsh/crmsh-2.1.0/missing automake-1.14'
AWK='gawk'
BUILD_ASCIIDOC_FALSE='#'
BUILD_ASCIIDOC_TRUE=''
BUILD_VERSION='unknown'
CC='gcc'
CCDEPMODE='depmode=none'
CFLAGS=' -I/usr/include/heartbeat -I/usr/include/pacemaker'
CPP='gcc -E'
CPPFLAGS=''
CRM_CACHE_DIR='/usr/var/cache/crm'
CRM_CONFIG_DIR=''
CRM_DAEMON_DIR='/usr/lib/heartbeat'
CRM_DAEMON_GROUP=''
CRM_DAEMON_USER=''
CRM_DTD_DIRECTORY=''
CRM_STATE_DIR=''
CYGPATH_W='echo'
DEFS='-DPACKAGE_NAME=\"crmsh\" -DPACKAGE_TARNAME=\"crmsh\" -DPACKAGE_VERSION=\"2.0\" -DPACKAGE_STRING=\"crmsh\ 2.0\" -DPACKAGE_BUGREPORT=\"linux-ha@lists.linux-ha.org\" -DPACKAGE_URL=\"\" -DPACKAGE=\"crmsh\" -DVERSION=\"2.0\" -DPACEMAKER_VERSION=\"2.0\" -DSTDC_HEADERS=1 -DHAVE_SYS_TYPES_H=1 -DHAVE_SYS_STAT_H=1 -DHAVE_STDLIB_H=1 -DHAVE_STRING_H=1 -DHAVE_MEMORY_H=1 -DHAVE_STRINGS_H=1 -DHAVE_INTTYPES_H=1 -DHAVE_STDINT_H=1 -DHAVE_UNISTD_H=1 -DHAVE_GLUE_CONFIG_H=1 -DCRM_DAEMON_USER=\"\" -DCRM_DAEMON_GROUP=\"\" -DCRM_STATE_DIR=\"\" -DPE_STATE_DIR=\"\" -DCRM_CONFIG_DIR=\"\" -DCRM_DTD_DIRECTORY=\"\" -DCRM_DAEMON_DIR=\"/usr/lib/heartbeat\" -DCRM_CACHE_DIR=\"/usr/var/cache/crm\" -DBUILD_VERSION=\"unknown\"'
DEPDIR='.deps'
ECHO_C=''
ECHO_N='-n'
ECHO_T=''
EGREP='/bin/grep -E'
EXEEXT=''
GREP='/bin/grep'
HA_VARLIBHBDIR='/var/lib/heartbeat'
HG='/usr/bin/hg'
INSTALL_DATA='${INSTALL} -m 644'
INSTALL_PROGRAM='${INSTALL}'
INSTALL_SCRIPT='${INSTALL}'
INSTALL_STRIP_PROGRAM='$(install_sh) -c -s'
LDFLAGS=''
LIBOBJS=''
LIBS=''
LTLIBOBJS=''
MAKEINFO='${SHELL} /root/Downloads/clusterLab/crmsh/crmsh-2.1.0/missing makeinfo'
MD5=''
MKDIR_P='/bin/mkdir -p'
OBJEXT='o'
OCF_ROOT_DIR='/usr/lib/ocf'
PACKAGE='crmsh'
PACKAGE_BUGREPORT='linux-ha@lists.linux-ha.org'
PACKAGE_NAME='crmsh'
PACKAGE_SERIES='2.0'
PACKAGE_STRING='crmsh 2.0'
PACKAGE_TARNAME='crmsh'
PACKAGE_URL=''
PACKAGE_VERSION='2.0'
PATH_SEPARATOR=':'
PE_STATE_DIR=''
PKGCONFIG='/usr/bin/pkg-config'
PYTHON='/usr/bin/python'
PYTHON_EXEC_PREFIX='${exec_prefix}'
PYTHON_PLATFORM='linux2'
PYTHON_PREFIX='${prefix}'
PYTHON_VERSION='2.7'
SCP='/usr/bin/scp'
SET_MAKE=''
SHELL='/bin/sh'
SSH='/usr/bin/ssh'
STRIP=''
TAR='/bin/tar'
TEST='/usr/bin/test'
VERSION='2.0'
ac_ct_CC='gcc'
am__EXEEXT_FALSE=''
am__EXEEXT_TRUE='#'
am__fastdepCC_FALSE=''
am__fastdepCC_TRUE='#'
am__include='include'
am__isrc=''
am__leading_dot='.'
am__nodep='_no'
am__quote=''
am__tar='$${TAR-tar} chof - "$$tardir"'
am__untar='$${TAR-tar} xf -'
bindir='/usr/bin'
build_alias=''
datadir='/usr/share'
datarootdir='${prefix}/share'
docdir='/usr/share/doc/crmsh'
dvidir='${docdir}'
exec_prefix='/usr'
host_alias=''
htmldir='${docdir}'
includedir='${prefix}/include'
infodir='/usr/share/info'
install_sh='${SHELL} /root/Downloads/clusterLab/crmsh/crmsh-2.1.0/install-sh'
libdir='/usr/lib'
libexecdir='/usr/libexec'
localedir='${datarootdir}/locale'
localstatedir='/usr/var'
mandir='/usr/share/man'
mkdir_p='$(MKDIR_P)'
oldincludedir='/usr/include'
pdfdir='${docdir}'
pkgpyexecdir='${pyexecdir}/crmsh'
pkgpythondir='${pythondir}/crmsh'
prefix='/usr'
program_transform_name='s,x,x,'
psdir='${docdir}'
pyexecdir='${exec_prefix}/lib/python2.7/dist-packages'
pythondir='${prefix}/lib/python2.7/dist-packages'
sbindir='/usr/sbin'
sharedstatedir='/usr/com'
sysconfdir='/usr/etc'
target_alias=''

## ----------- ##
## confdefs.h. ##
## ----------- ##

/* confdefs.h */
#define PACKAGE_NAME "crmsh"
#define PACKAGE_TARNAME "crmsh"
#define PACKAGE_VERSION "2.0"
#define PACKAGE_STRING "crmsh 2.0"
#define PACKAGE_BUGREPORT "linux-ha@lists.linux-ha.org"
#define PACKAGE_URL ""
#define PACKAGE "crmsh"
#define VERSION "2.0"
#define PACEMAKER_VERSION "2.0"
#define STDC_HEADERS 1
#define HAVE_SYS_TYPES_H 1
#define HAVE_SYS_STAT_H 1
#define HAVE_STDLIB_H 1
#define HAVE_STRING_H 1
#define HAVE_MEMORY_H 1
#define HAVE_STRINGS_H 1
#define HAVE_INTTYPES_H 1
#define HAVE_STDINT_H 1
#define HAVE_UNISTD_H 1
#define HAVE_GLUE_CONFIG_H 1
#define CRM_DAEMON_USER ""
#define CRM_DAEMON_GROUP ""
#define CRM_STATE_DIR ""
#define PE_STATE_DIR ""
#define CRM_CONFIG_DIR ""
#define CRM_DTD_DIRECTORY ""
#define CRM_DAEMON_DIR "/usr/lib/heartbeat"
#define CRM_CACHE_DIR "/usr/var/cache/crm"
#define BUILD_VERSION "unknown"

configure: exit 0
